<?xml version="1.0" encoding="UTF-8"?>
<testng-results ignored="0" total="2" passed="2" failed="0" skipped="0">
  <reporter-output>
  </reporter-output>
  <suite started-at="2023-04-23T13:53:35Z" name="Surefire suite" finished-at="2023-04-23T13:53:54Z" duration-ms="19262">
    <groups>
    </groups>
    <test started-at="2023-04-23T13:53:35Z" name="Surefire test" finished-at="2023-04-23T13:53:54Z" duration-ms="19262">
      <class name="com.herokuapp.theinternet.PositiveTests">
        <test-method signature="alexTestsSomethingElse()[pri:0, instance:com.herokuapp.theinternet.PositiveTests@4d1b0d2a]" started-at="2023-04-23T13:53:35Z" name="alexTestsSomethingElse" finished-at="2023-04-23T13:53:42Z" duration-ms="7410" status="PASS">
          <reporter-output>
          </reporter-output>
        </test-method> <!-- alexTestsSomethingElse -->
        <test-method signature="loginTest()[pri:0, instance:com.herokuapp.theinternet.PositiveTests@4d1b0d2a]" started-at="2023-04-23T13:53:42Z" name="loginTest" finished-at="2023-04-23T13:53:54Z" duration-ms="11841" status="PASS">
          <reporter-output>
          </reporter-output>
        </test-method> <!-- loginTest -->
      </class> <!-- com.herokuapp.theinternet.PositiveTests -->
    </test> <!-- Surefire test -->
  </suite> <!-- Surefire suite -->
</testng-results>
